<?xml version="1.0" encoding="UTF-8"?>
<!-- Generated by org.testng.reporters.JUnitXMLReporter -->
<testsuite ignored="1" hostname="AdeshBarbade" failures="0" tests="1" name="Default test" time="17.525" errors="0" timestamp="2022-11-19T10:34:48 IST">
  <testcase classname="com.test.HomepageTest" name="Status" time="10.284"/>
  <testcase classname="com.test.HomepageTest" name="UploadProfilevideo" time="0.0">
    <ignored/>
  </testcase> <!-- UploadProfilevideo -->
</testsuite> <!-- Default test -->
